<?xml version="1.0" encoding="UTF-8" ?>
<testsuite tests="28" failures="0" name="com.andersen.backendjaxrsproject.EmployeeTest" time="0.016" errors="0" skipped="0">
  <properties>
[...]
</properties>
  <testcase classname="com.andersen.backendjaxrsproject.EmployeeTest" name="testSetDateHired" time="0.001"/>
  <testcase classname="com.andersen.backendjaxrsproject.EmployeeTest" name="testGetState" time="0.001"/>
  <testcase classname="com.andersen.backendjaxrsproject.EmployeeTest" name="testSetFirstName" time="0"/>
  <testcase classname="com.andersen.backendjaxrsproject.EmployeeTest" name="testGetId" time="0"/>
  <testcase classname="com.andersen.backendjaxrsproject.EmployeeTest" name="testSetId" time="0"/>
  <testcase classname="com.andersen.backendjaxrsproject.EmployeeTest" name="testGetActiveFlag" time="0"/>
  <testcase classname="com.andersen.backendjaxrsproject.EmployeeTest" name="testSetPhoneNumber" time="0"/>
  <testcase classname="com.andersen.backendjaxrsproject.EmployeeTest" name="testGetCity" time="0.001"/>
  <testcase classname="com.andersen.backendjaxrsproject.EmployeeTest" name="testSetLastName" time="0"/>
  <testcase classname="com.andersen.backendjaxrsproject.EmployeeTest" name="testGetLastName" time="0"/>
  <testcase classname="com.andersen.backendjaxrsproject.EmployeeTest" name="testGetZipcode" time="0.001"/>
  <testcase classname="com.andersen.backendjaxrsproject.EmployeeTest" name="testSetAddress1" time="0"/>
  <testcase classname="com.andersen.backendjaxrsproject.EmployeeTest" name="testSetAddress2" time="0.001"/>
  <testcase classname="com.andersen.backendjaxrsproject.EmployeeTest" name="testSetActiveFlag" time="0.001"/>
  <testcase classname="com.andersen.backendjaxrsproject.EmployeeTest" name="testGetAddress1" time="0"/>
  <testcase classname="com.andersen.backendjaxrsproject.EmployeeTest" name="testGetAddress2" time="0.001"/>
  <testcase classname="com.andersen.backendjaxrsproject.EmployeeTest" name="testSetPositionCategory" time="0"/>
  <testcase classname="com.andersen.backendjaxrsproject.EmployeeTest" name="testGetEmailAddress" time="0"/>
  <testcase classname="com.andersen.backendjaxrsproject.EmployeeTest" name="testGetDateHired" time="0.001"/>
  <testcase classname="com.andersen.backendjaxrsproject.EmployeeTest" name="testGetMiddleName" time="0"/>
  <testcase classname="com.andersen.backendjaxrsproject.EmployeeTest" name="testGetFirstName" time="0"/>
  <testcase classname="com.andersen.backendjaxrsproject.EmployeeTest" name="testGetPhoneNumber" time="0.001"/>
  <testcase classname="com.andersen.backendjaxrsproject.EmployeeTest" name="testSetEmailAddress" time="0"/>
  <testcase classname="com.andersen.backendjaxrsproject.EmployeeTest" name="testSetMiddleName" time="0"/>
  <testcase classname="com.andersen.backendjaxrsproject.EmployeeTest" name="testSetCity" time="0"/>
  <testcase classname="com.andersen.backendjaxrsproject.EmployeeTest" name="testGetPositionCategory" time="0"/>
  <testcase classname="com.andersen.backendjaxrsproject.EmployeeTest" name="testSetZipcode" time="0"/>
  <testcase classname="com.andersen.backendjaxrsproject.EmployeeTest" name="testSetState" time="0"/>
</testsuite>